RedditSimulation	redditsimulation	RUN	1442419082233	 	2.0
Admin Flow	4435078510943648363-0	USER	START	1442419082277	0
User Flow	4435078510943648363-2	USER	START	1442419082282	0
User scheduling Flow	4435078510943648363-7	USER	START	1442419082283	0
User scheduling Flow	4435078510943648363-8	USER	START	1442419082386	0
User scheduling Flow	4435078510943648363-9	USER	START	1442419082487	0
User scheduling Flow	4435078510943648363-10	USER	START	1442419082586	0
User scheduling Flow	4435078510943648363-11	USER	START	1442419082687	0
User scheduling Flow	4435078510943648363-12	USER	START	1442419082788	0
User scheduling Flow	4435078510943648363-13	USER	START	1442419082886	0
User scheduling Flow	4435078510943648363-14	USER	START	1442419082986	0
User scheduling Flow	4435078510943648363-15	USER	START	1442419083086	0
User scheduling Flow	4435078510943648363-16	USER	START	1442419083187	0
User scheduling Flow	4435078510943648363-17	USER	START	1442419083286	0
User Flow	4435078510943648363-3	USER	START	1442419083296	0
User scheduling Flow	4435078510943648363-18	USER	START	1442419083386	0
User scheduling Flow	4435078510943648363-19	USER	START	1442419083486	0
User scheduling Flow	4435078510943648363-8	REQUEST		login	1442419082845	1442419083018	1442419083529	1442419083529	OK	 
User scheduling Flow	4435078510943648363-20	USER	START	1442419083587	0
User scheduling Flow	4435078510943648363-21	USER	START	1442419083687	0
User scheduling Flow	4435078510943648363-7	REQUEST		login	1442419082333	1442419083012	1442419083773	1442419083773	OK	 
User scheduling Flow	4435078510943648363-8	REQUEST		login Redirect 1	1442419083557	1442419083559	1442419083758	1442419083766	OK	 
User scheduling Flow	4435078510943648363-22	USER	START	1442419083786	0
User Flow	4435078510943648363-2	REQUEST		login	1442419082333	1442419083010	1442419083867	1442419083867	OK	 
User scheduling Flow	4435078510943648363-23	USER	START	1442419083886	0
User scheduling Flow	4435078510943648363-7	REQUEST		login Redirect 1	1442419083774	1442419083774	1442419083971	1442419083980	OK	 
User scheduling Flow	4435078510943648363-24	USER	START	1442419083986	0
User scheduling Flow	4435078510943648363-25	USER	START	1442419084086	0
User Flow	4435078510943648363-2	REQUEST		login Redirect 1	1442419083869	1442419083869	1442419084159	1442419084167	OK	 
User scheduling Flow	4435078510943648363-26	USER	START	1442419084185	0
User scheduling Flow	4435078510943648363-8	REQUEST		list_posts	1442419083807	1442419083807	1442419084243	1442419084244	OK	 
User Flow	4435078510943648363-4	USER	START	1442419084295	0
User scheduling Flow	4435078510943648363-7	REQUEST		list_posts	1442419083981	1442419083981	1442419084309	1442419084309	OK	 
User Flow	4435078510943648363-2	REQUEST		list_preference	1442419084169	1442419084170	1442419084395	1442419084395	OK	 
User scheduling Flow	4435078510943648363-7	REQUEST		create_post	1442419084346	1442419084346	1442419084828	1442419084828	OK	 
User scheduling Flow	4435078510943648363-8	REQUEST		create_post	1442419084256	1442419084257	1442419084801	1442419084804	OK	 
User scheduling Flow	4435078510943648363-11	REQUEST		login	1442419082848	1442419083044	1442419085017	1442419085017	OK	 
User scheduling Flow	4435078510943648363-10	REQUEST		login	1442419082847	1442419083039	1442419085028	1442419085028	OK	 
User scheduling Flow	4435078510943648363-11	REQUEST		login Redirect 1	1442419085018	1442419085018	1442419085224	1442419085233	OK	 
User Flow	4435078510943648363-5	USER	START	1442419085296	0
User scheduling Flow	4435078510943648363-9	REQUEST		login	1442419082847	1442419083034	1442419085306	1442419085306	OK	 
User scheduling Flow	4435078510943648363-10	REQUEST		login Redirect 1	1442419085029	1442419085030	1442419085320	1442419085329	OK	 
User scheduling Flow	4435078510943648363-9	REQUEST		login Redirect 1	1442419085307	1442419085308	1442419085510	1442419085510	OK	 
User scheduling Flow	4435078510943648363-15	REQUEST		login	1442419083087	1442419083318	1442419085517	1442419085517	OK	 
User scheduling Flow	4435078510943648363-11	REQUEST		list_posts	1442419085236	1442419085237	1442419085617	1442419085622	OK	 
User Flow	4435078510943648363-2	REQUEST		check_available	1442419085417	1442419085417	1442419085656	1442419085656	OK	 
User scheduling Flow	4435078510943648363-12	REQUEST		login	1442419082849	1442419083047	1442419085708	1442419085708	OK	 
User scheduling Flow	4435078510943648363-15	REQUEST		login Redirect 1	1442419085519	1442419085520	1442419085731	1442419085741	OK	 
Admin Flow	4435078510943648363-0	REQUEST		login	1442419082333	1442419083020	1442419085755	1442419085755	OK	 
User scheduling Flow	4435078510943648363-10	REQUEST		list_posts	1442419085331	1442419085333	1442419085834	1442419085842	OK	 
User scheduling Flow	4435078510943648363-18	REQUEST		login	1442419083387	1442419083559	1442419085847	1442419085847	OK	 
User scheduling Flow	4435078510943648363-9	REQUEST		list_posts	1442419085512	1442419085513	1442419085886	1442419085886	OK	 
User scheduling Flow	4435078510943648363-12	REQUEST		login Redirect 1	1442419085709	1442419085710	1442419085901	1442419085901	OK	 
User scheduling Flow	4435078510943648363-11	REQUEST		create_post	1442419085624	1442419085625	1442419085908	1442419085913	OK	 
Admin Flow	4435078510943648363-0	REQUEST		login Redirect 1	1442419085756	1442419085756	1442419085940	1442419085949	OK	 
User scheduling Flow	4435078510943648363-18	REQUEST		login Redirect 1	1442419085848	1442419085849	1442419086084	1442419086094	OK	 
User scheduling Flow	4435078510943648363-7	REQUEST		modify_post	1442419085818	1442419085819	1442419086184	1442419086184	OK	 
User scheduling Flow	4435078510943648363-15	REQUEST		list_posts	1442419085742	1442419085743	1442419086190	1442419086202	OK	 
User scheduling Flow	4435078510943648363-17	REQUEST		login	1442419083287	1442419083450	1442419086248	1442419086248	OK	 
User scheduling Flow	4435078510943648363-8	REQUEST		modify_post	1442419085791	1442419085791	1442419086269	1442419086269	OK	 
User scheduling Flow	4435078510943648363-10	REQUEST		create_post	1442419085844	1442419085844	1442419086286	1442419086289	OK	 
User Flow	4435078510943648363-6	USER	START	1442419086296	0
User scheduling Flow	4435078510943648363-9	REQUEST		create_post	1442419085888	1442419085889	1442419086297	1442419086297	OK	 
User scheduling Flow	4435078510943648363-12	REQUEST		list_posts	1442419085903	1442419085903	1442419086306	1442419086318	OK	 
Admin Flow	4435078510943648363-0	REQUEST		list_users	1442419085951	1442419085951	1442419086328	1442419086335	OK	 
User scheduling Flow	4435078510943648363-13	REQUEST		login	1442419082887	1442419083057	1442419086373	1442419086373	OK	 
User Flow	4435078510943648363-4	REQUEST		login	1442419084296	1442419084466	1442419086402	1442419086402	OK	 
User scheduling Flow	4435078510943648363-17	REQUEST		login Redirect 1	1442419086249	1442419086249	1442419086438	1442419086438	OK	 
User scheduling Flow	4435078510943648363-20	REQUEST		login	1442419083588	1442419083749	1442419086442	1442419086442	OK	 
User scheduling Flow	4435078510943648363-24	REQUEST		login	1442419083987	1442419084171	1442419086448	1442419086448	OK	 
User scheduling Flow	4435078510943648363-16	REQUEST		login	1442419083188	1442419083358	1442419086485	1442419086485	OK	 
User scheduling Flow	4435078510943648363-18	REQUEST		list_posts	1442419086096	1442419086096	1442419086496	1442419086517	OK	 
User scheduling Flow	4435078510943648363-15	REQUEST		create_post	1442419086204	1442419086204	1442419086521	1442419086526	OK	 
User scheduling Flow	4435078510943648363-7	REQUEST		delete_post	1442419086186	1442419086186	1442419086531	1442419086531	OK	 
User scheduling Flow	4435078510943648363-8	REQUEST		delete_post	1442419086271	1442419086271	1442419086542	1442419086542	OK	 
User scheduling Flow	4435078510943648363-13	REQUEST		login Redirect 1	1442419086376	1442419086376	1442419086556	1442419086565	OK	 
User Flow	4435078510943648363-4	REQUEST		login Redirect 1	1442419086403	1442419086404	1442419086599	1442419086600	OK	 
User scheduling Flow	4435078510943648363-12	REQUEST		create_post	1442419086320	1442419086320	1442419086622	1442419086626	OK	 
User scheduling Flow	4435078510943648363-20	REQUEST		login Redirect 1	1442419086443	1442419086443	1442419086658	1442419086658	OK	 
User scheduling Flow	4435078510943648363-14	REQUEST		login	1442419082987	1442419083155	1442419086663	1442419086663	OK	 
User scheduling Flow	4435078510943648363-24	REQUEST		login Redirect 1	1442419086449	1442419086449	1442419086699	1442419086709	OK	 
User scheduling Flow	4435078510943648363-16	REQUEST		login Redirect 1	1442419086486	1442419086486	1442419086724	1442419086725	OK	 
User Flow	4435078510943648363-4	REQUEST		list_preference	1442419086601	1442419086601	1442419086843	1442419086847	OK	 
User Flow	4435078510943648363-3	REQUEST		login	1442419083297	1442419083467	1442419086855	1442419086855	OK	 
User scheduling Flow	4435078510943648363-17	REQUEST		list_posts	1442419086440	1442419086440	1442419086871	1442419086892	OK	 
User scheduling Flow	4435078510943648363-19	REQUEST		login	1442419083487	1442419083659	1442419086903	1442419086903	OK	 
User scheduling Flow	4435078510943648363-26	REQUEST		login	1442419084186	1442419084379	1442419086923	1442419086923	OK	 
User scheduling Flow	4435078510943648363-18	REQUEST		create_post	1442419086518	1442419086518	1442419086931	1442419086935	OK	 
User scheduling Flow	4435078510943648363-14	REQUEST		login Redirect 1	1442419086664	1442419086665	1442419086941	1442419086950	OK	 
User scheduling Flow	4435078510943648363-7	REQUEST		create_post	1442419086533	1442419086533	1442419086975	1442419086980	OK	 
User scheduling Flow	4435078510943648363-8	REQUEST		create_post	1442419086543	1442419086544	1442419087025	1442419087029	OK	 
User Flow	4435078510943648363-2	REQUEST		modify_preference	1442419086646	1442419086647	1442419087034	1442419087034	OK	 
User Flow	4435078510943648363-3	REQUEST		login Redirect 1	1442419086856	1442419086857	1442419087041	1442419087050	OK	 
User scheduling Flow	4435078510943648363-13	REQUEST		list_posts	1442419086567	1442419086567	1442419087062	1442419087088	OK	 
User scheduling Flow	4435078510943648363-23	REQUEST		login	1442419083887	1442419084059	1442419087094	1442419087094	OK	 
User scheduling Flow	4435078510943648363-19	REQUEST		login Redirect 1	1442419086904	1442419086904	1442419087101	1442419087109	OK	 
User scheduling Flow	4435078510943648363-24	REQUEST		list_posts	1442419086710	1442419086711	1442419087115	1442419087147	OK	 
User scheduling Flow	4435078510943648363-20	REQUEST		list_posts	1442419086660	1442419086661	1442419087152	1442419087185	OK	 
User scheduling Flow	4435078510943648363-21	REQUEST		login	1442419083688	1442419083858	1442419087193	1442419087193	OK	 
User scheduling Flow	4435078510943648363-26	REQUEST		login Redirect 1	1442419086925	1442419086925	1442419087194	1442419087204	OK	 
User scheduling Flow	4435078510943648363-16	REQUEST		list_posts	1442419086727	1442419086727	1442419087209	1442419087241	OK	 
User scheduling Flow	4435078510943648363-22	REQUEST		login	1442419083787	1442419083949	1442419087248	1442419087248	OK	 
User scheduling Flow	4435078510943648363-25	REQUEST		login	1442419084087	1442419084250	1442419087253	1442419087253	OK	 
User scheduling Flow	4435078510943648363-17	REQUEST		create_post	1442419086893	1442419086893	1442419087257	1442419087261	OK	 
User scheduling Flow	4435078510943648363-11	REQUEST		modify_post	1442419086927	1442419086927	1442419087267	1442419087267	OK	 
User Flow	4435078510943648363-3	REQUEST		list_preference	1442419087052	1442419087052	1442419087273	1442419087276	OK	 
Admin Flow	4435078510943648363-1	USER	START	1442419087297	0
User Flow	4435078510943648363-2	REQUEST		list_feeds	1442419087035	1442419087035	1442419087292	1442419087303	OK	 
User scheduling Flow	4435078510943648363-14	REQUEST		list_posts	1442419086952	1442419086952	1442419087310	1442419087343	OK	 
User scheduling Flow	4435078510943648363-23	REQUEST		login Redirect 1	1442419087095	1442419087095	1442419087349	1442419087358	OK	 
User Flow	4435078510943648363-6	REQUEST		login	1442419086296	1442419086469	1442419087364	1442419087364	OK	 
User Flow	4435078510943648363-5	REQUEST		login	1442419085297	1442419085459	1442419087375	1442419087375	OK	 
User scheduling Flow	4435078510943648363-13	REQUEST		create_post	1442419087090	1442419087090	1442419087385	1442419087390	OK	 
User scheduling Flow	4435078510943648363-21	REQUEST		login Redirect 1	1442419087195	1442419087195	1442419087425	1442419087434	OK	 
User scheduling Flow	4435078510943648363-20	REQUEST		create_post	1442419087186	1442419087187	1442419087443	1442419087448	OK	 
User scheduling Flow	4435078510943648363-19	REQUEST		list_posts	1442419087111	1442419087111	1442419087454	1442419087493	OK	 
User scheduling Flow	4435078510943648363-24	REQUEST		create_post	1442419087149	1442419087149	1442419087506	1442419087506	OK	 
User scheduling Flow	4435078510943648363-22	REQUEST		login Redirect 1	1442419087249	1442419087250	1442419087511	1442419087521	OK	 
User scheduling Flow	4435078510943648363-25	REQUEST		login Redirect 1	1442419087255	1442419087256	1442419087534	1442419087534	OK	 
User scheduling Flow	4435078510943648363-16	REQUEST		create_post	1442419087243	1442419087243	1442419087540	1442419087544	OK	 
User scheduling Flow	4435078510943648363-26	REQUEST		list_posts	1442419087205	1442419087206	1442419087551	1442419087590	OK	 
User scheduling Flow	4435078510943648363-11	REQUEST		delete_post	1442419087270	1442419087270	1442419087642	1442419087642	OK	 
User Flow	4435078510943648363-6	REQUEST		login Redirect 1	1442419087365	1442419087365	1442419087647	1442419087657	OK	 
User Flow	4435078510943648363-5	REQUEST		login Redirect 1	1442419087376	1442419087376	1442419087661	1442419087671	OK	 
User scheduling Flow	4435078510943648363-9	REQUEST		modify_post	1442419087317	1442419087317	1442419087704	1442419087704	OK	 
User scheduling Flow	4435078510943648363-10	REQUEST		modify_post	1442419087306	1442419087306	1442419087720	1442419087720	OK	 
User scheduling Flow	4435078510943648363-14	REQUEST		create_post	1442419087346	1442419087346	1442419087721	1442419087726	OK	 
Admin Flow	4435078510943648363-0	REQUEST		list_roles	1442419087357	1442419087358	1442419087741	1442419087746	OK	 
User scheduling Flow	4435078510943648363-23	REQUEST		list_posts	1442419087360	1442419087360	1442419087776	1442419087814	OK	 
User scheduling Flow	4435078510943648363-19	REQUEST		create_post	1442419087499	1442419087499	1442419087848	1442419087853	OK	 
User scheduling Flow	4435078510943648363-21	REQUEST		list_posts	1442419087436	1442419087436	1442419087861	1442419087899	OK	 
User scheduling Flow	4435078510943648363-22	REQUEST		list_posts	1442419087522	1442419087522	1442419087916	1442419087954	OK	 
User Flow	4435078510943648363-6	REQUEST		list_preference	1442419087658	1442419087658	1442419087960	1442419087960	OK	 
User Flow	4435078510943648363-5	REQUEST		list_preference	1442419087673	1442419087673	1442419087966	1442419087969	OK	 
User scheduling Flow	4435078510943648363-26	REQUEST		create_post	1442419087591	1442419087591	1442419087981	1442419087986	OK	 
User scheduling Flow	4435078510943648363-15	REQUEST		modify_post	1442419087547	1442419087547	1442419087997	1442419087997	OK	 
User scheduling Flow	4435078510943648363-25	REQUEST		list_posts	1442419087536	1442419087536	1442419088004	1442419088041	OK	 
User scheduling Flow	4435078510943648363-11	REQUEST		create_post	1442419087643	1442419087643	1442419088046	1442419088051	OK	 
User scheduling Flow	4435078510943648363-12	REQUEST		modify_post	1442419087648	1442419087648	1442419088056	1442419088056	OK	 
User Flow	4435078510943648363-4	REQUEST		check_available	1442419087867	1442419087867	1442419088062	1442419088062	OK	 
User scheduling Flow	4435078510943648363-9	REQUEST		delete_post	1442419087706	1442419087706	1442419088067	1442419088067	OK	 
User scheduling Flow	4435078510943648363-23	REQUEST		create_post	1442419087816	1442419087817	1442419088092	1442419088096	OK	 
User scheduling Flow	4435078510943648363-10	REQUEST		delete_post	1442419087721	1442419087722	1442419088122	1442419088122	OK	 
User scheduling Flow	4435078510943648363-21	REQUEST		create_post	1442419087903	1442419087903	1442419088171	1442419088171	OK	 
User scheduling Flow	4435078510943648363-22	REQUEST		create_post	1442419087955	1442419087955	1442419088204	1442419088204	OK	 
Admin Flow	4435078510943648363-1	REQUEST		login	1442419087298	1442419087536	1442419088240	1442419088240	OK	 
User scheduling Flow	4435078510943648363-18	REQUEST		modify_post	1442419087956	1442419087956	1442419088245	1442419088245	OK	 
User scheduling Flow	4435078510943648363-7	REQUEST		modify_post	1442419087977	1442419087977	1442419088316	1442419088316	OK	 
User scheduling Flow	4435078510943648363-8	REQUEST		modify_post	1442419088027	1442419088028	1442419088346	1442419088346	OK	 
User scheduling Flow	4435078510943648363-15	REQUEST		delete_post	1442419087999	1442419087999	1442419088349	1442419088349	OK	 
User scheduling Flow	4435078510943648363-25	REQUEST		create_post	1442419088043	1442419088044	1442419088371	1442419088375	OK	 
User scheduling Flow	4435078510943648363-12	REQUEST		delete_post	1442419088058	1442419088059	1442419088402	1442419088402	OK	 
Admin Flow	4435078510943648363-1	REQUEST		login Redirect 1	1442419088241	1442419088242	1442419088429	1442419088429	OK	 
User scheduling Flow	4435078510943648363-9	REQUEST		create_post	1442419088069	1442419088069	1442419088433	1442419088437	OK	 
User scheduling Flow	4435078510943648363-10	REQUEST		create_post	1442419088124	1442419088124	1442419088451	1442419088451	OK	 
User Flow	4435078510943648363-3	REQUEST		check_available	1442419088297	1442419088297	1442419088481	1442419088481	OK	 
User scheduling Flow	4435078510943648363-18	REQUEST		delete_post	1442419088246	1442419088246	1442419088510	1442419088510	OK	 
User scheduling Flow	4435078510943648363-17	REQUEST		modify_post	1442419088277	1442419088277	1442419088574	1442419088574	OK	 
User scheduling Flow	4435078510943648363-7	REQUEST		delete_post	1442419088318	1442419088318	1442419088642	1442419088642	OK	 
User scheduling Flow	4435078510943648363-8	REQUEST		delete_post	1442419088347	1442419088347	1442419088646	1442419088646	OK	 
User scheduling Flow	4435078510943648363-15	REQUEST		create_post	1442419088351	1442419088351	1442419088668	1442419088668	OK	 
User scheduling Flow	4435078510943648363-12	REQUEST		create_post	1442419088403	1442419088403	1442419088695	1442419088695	OK	 
User scheduling Flow	4435078510943648363-13	REQUEST		modify_post	1442419088407	1442419088407	1442419088711	1442419088711	OK	 
Admin Flow	4435078510943648363-1	REQUEST		list_users	1442419088430	1442419088431	1442419088764	1442419088776	OK	 
User scheduling Flow	4435078510943648363-20	REQUEST		modify_post	1442419088467	1442419088467	1442419088780	1442419088780	OK	 
User scheduling Flow	4435078510943648363-18	REQUEST		create_post	1442419088512	1442419088512	1442419088789	1442419088793	OK	 
User scheduling Flow	4435078510943648363-24	REQUEST		modify_post	1442419088528	1442419088528	1442419088855	1442419088855	OK	 
User scheduling Flow	4435078510943648363-17	REQUEST		delete_post	1442419088576	1442419088576	1442419088897	1442419088897	OK	 
User scheduling Flow	4435078510943648363-16	REQUEST		modify_post	1442419088567	1442419088567	1442419088936	1442419088936	OK	 
User scheduling Flow	4435078510943648363-8	REQUEST		create_post	1442419088647	1442419088647	1442419088942	1442419088950	OK	 
User scheduling Flow	4435078510943648363-7	REQUEST		create_post	1442419088643	1442419088643	1442419088953	1442419088957	OK	 
User scheduling Flow	4435078510943648363-13	REQUEST		delete_post	1442419088713	1442419088713	1442419089025	1442419089025	OK	 
Admin Flow	4435078510943648363-0	REQUEST		modify_user_roles	1442419088747	1442419088748	1442419089064	1442419089064	OK	 
User scheduling Flow	4435078510943648363-14	REQUEST		modify_post	1442419088747	1442419088748	1442419089068	1442419089068	OK	 
User scheduling Flow	4435078510943648363-20	REQUEST		delete_post	1442419088782	1442419088782	1442419089071	1442419089071	OK	 
User scheduling Flow	4435078510943648363-24	REQUEST		delete_post	1442419088856	1442419088856	1442419089159	1442419089159	OK	 
User Flow	4435078510943648363-6	REQUEST		check_available	1442419088977	1442419088977	1442419089179	1442419089179	OK	 
User Flow	4435078510943648363-5	REQUEST		check_available	1442419088987	1442419088987	1442419089189	1442419089190	OK	 
User scheduling Flow	4435078510943648363-19	REQUEST		modify_post	1442419088867	1442419088867	1442419089210	1442419089210	OK	 
User scheduling Flow	4435078510943648363-17	REQUEST		create_post	1442419088898	1442419088899	1442419089228	1442419089233	OK	 
User Flow	4435078510943648363-2	REQUEST		add_feed	1442419088308	1442419088308	1442419089250	1442419089251	OK	 
User scheduling Flow	4435078510943648363-16	REQUEST		delete_post	1442419088937	1442419088937	1442419089274	1442419089274	OK	 
User scheduling Flow	4435078510943648363-26	REQUEST		modify_post	1442419089007	1442419089008	1442419089318	1442419089318	OK	 
User scheduling Flow	4435078510943648363-13	REQUEST		create_post	1442419089027	1442419089027	1442419089331	1442419089336	OK	 
User scheduling Flow	4435078510943648363-11	REQUEST		modify_post	1442419089057	1442419089057	1442419089364	1442419089364	OK	 
User Flow	4435078510943648363-4	REQUEST		modify_preference	1442419089066	1442419089066	1442419089370	1442419089370	OK	 
User scheduling Flow	4435078510943648363-14	REQUEST		delete_post	1442419089070	1442419089070	1442419089388	1442419089388	OK	 
User scheduling Flow	4435078510943648363-20	REQUEST		create_post	1442419089073	1442419089073	1442419089442	1442419089442	OK	 
User scheduling Flow	4435078510943648363-23	REQUEST		modify_post	1442419089117	1442419089118	1442419089447	1442419089447	OK	 
User scheduling Flow	4435078510943648363-24	REQUEST		create_post	1442419089160	1442419089160	1442419089479	1442419089483	OK	 
User scheduling Flow	4435078510943648363-21	REQUEST		modify_post	1442419089187	1442419089187	1442419089527	1442419089527	OK	 
User Flow	4435078510943648363-2	REQUEST		delete_feed	1442419089255	1442419089255	1442419089560	1442419089560	OK	 
User scheduling Flow	4435078510943648363-22	REQUEST		modify_post	1442419089217	1442419089217	1442419089593	1442419089593	OK	 
User scheduling Flow	4435078510943648363-19	REQUEST		delete_post	1442419089212	1442419089212	1442419089596	1442419089596	OK	 
User scheduling Flow	4435078510943648363-16	REQUEST		create_post	1442419089275	1442419089275	1442419089620	1442419089620	OK	 
User scheduling Flow	4435078510943648363-26	REQUEST		delete_post	1442419089320	1442419089320	1442419089653	1442419089653	OK	 
User scheduling Flow	4435078510943648363-11	REQUEST		delete_post	1442419089366	1442419089367	1442419089656	1442419089656	OK	 
User scheduling Flow	4435078510943648363-14	REQUEST		create_post	1442419089389	1442419089389	1442419089696	1442419089696	OK	 
User Flow	4435078510943648363-4	REQUEST		list_feeds	1442419089371	1442419089371	1442419089702	1442419089723	OK	 
User scheduling Flow	4435078510943648363-25	REQUEST		modify_post	1442419089397	1442419089397	1442419089734	1442419089734	OK	 
User scheduling Flow	4435078510943648363-10	REQUEST		modify_post	1442419089447	1442419089447	1442419089784	1442419089784	OK	 
User scheduling Flow	4435078510943648363-9	REQUEST		modify_post	1442419089437	1442419089437	1442419089788	1442419089788	OK	 
User Flow	4435078510943648363-3	REQUEST		modify_preference	1442419089477	1442419089477	1442419089810	1442419089810	OK	 
User scheduling Flow	4435078510943648363-23	REQUEST		delete_post	1442419089449	1442419089450	1442419089815	1442419089815	OK	 
User scheduling Flow	4435078510943648363-21	REQUEST		delete_post	1442419089529	1442419089529	1442419089858	1442419089858	OK	 
User scheduling Flow	4435078510943648363-22	REQUEST		delete_post	1442419089594	1442419089594	1442419089905	1442419089905	OK	 
User scheduling Flow	4435078510943648363-19	REQUEST		create_post	1442419089597	1442419089597	1442419089924	1442419089926	OK	 
User scheduling Flow	4435078510943648363-26	REQUEST		create_post	1442419089654	1442419089654	1442419089958	1442419089962	OK	 
User scheduling Flow	4435078510943648363-11	REQUEST		create_post	1442419089658	1442419089658	1442419089968	1442419089972	OK	 
User scheduling Flow	4435078510943648363-15	REQUEST		modify_post	1442419089667	1442419089667	1442419090060	1442419090060	OK	 
User scheduling Flow	4435078510943648363-25	REQUEST		delete_post	1442419089735	1442419089735	1442419090080	1442419090080	OK	 
User scheduling Flow	4435078510943648363-12	REQUEST		modify_post	1442419089697	1442419089698	1442419090100	1442419090100	OK	 
User scheduling Flow	4435078510943648363-10	REQUEST		delete_post	1442419089785	1442419089785	1442419090113	1442419090113	OK	 
User scheduling Flow	4435078510943648363-9	REQUEST		delete_post	1442419089789	1442419089789	1442419090131	1442419090131	OK	 
User scheduling Flow	4435078510943648363-18	REQUEST		modify_post	1442419089786	1442419089787	1442419090155	1442419090155	OK	 
Admin Flow	4435078510943648363-1	REQUEST		list_roles	1442419089797	1442419089797	1442419090161	1442419090161	OK	 
User Flow	4435078510943648363-3	REQUEST		list_feeds	1442419089812	1442419089812	1442419090167	1442419090188	OK	 
User scheduling Flow	4435078510943648363-21	REQUEST		create_post	1442419089859	1442419089859	1442419090210	1442419090210	OK	 
User scheduling Flow	4435078510943648363-23	REQUEST		create_post	1442419089816	1442419089817	1442419090215	1442419090219	OK	 
User scheduling Flow	4435078510943648363-22	REQUEST		create_post	1442419089907	1442419089907	1442419090231	1442419090231	OK	 
User scheduling Flow	4435078510943648363-8	REQUEST		modify_post	1442419089947	1442419089947	1442419090239	1442419090239	OK	 
User scheduling Flow	4435078510943648363-7	REQUEST		modify_post	1442419089956	1442419089957	1442419090265	1442419090265	OK	 
Admin Flow	4435078510943648363-0	REQUEST		disable_user	1442419090057	1442419090057	1442419090425	1442419090425	OK	 
User scheduling Flow	4435078510943648363-15	REQUEST		delete_post	1442419090062	1442419090062	1442419090442	1442419090442	OK	 
User scheduling Flow	4435078510943648363-25	REQUEST		create_post	1442419090081	1442419090081	1442419090462	1442419090464	OK	 
User scheduling Flow	4435078510943648363-12	REQUEST		delete_post	1442419090101	1442419090102	1442419090527	1442419090527	OK	 
User scheduling Flow	4435078510943648363-10	REQUEST		create_post	1442419090114	1442419090114	1442419090531	1442419090536	OK	 
User scheduling Flow	4435078510943648363-9	REQUEST		create_post	1442419090132	1442419090132	1442419090556	1442419090556	OK	 
User Flow	4435078510943648363-6	REQUEST		modify_preference	1442419090186	1442419090187	1442419090561	1442419090561	OK	 
User scheduling Flow	4435078510943648363-18	REQUEST		delete_post	1442419090156	1442419090156	1442419090592	1442419090592	OK	 
User Flow	4435078510943648363-5	REQUEST		modify_preference	1442419090196	1442419090196	1442419090597	1442419090597	OK	 
User scheduling Flow	4435078510943648363-17	REQUEST		modify_post	1442419090236	1442419090237	1442419090624	1442419090624	OK	 
User scheduling Flow	4435078510943648363-13	REQUEST		modify_post	1442419090337	1442419090337	1442419090751	1442419090751	OK	 
User scheduling Flow	4435078510943648363-20	REQUEST		modify_post	1442419090436	1442419090436	1442419090854	1442419090854	OK	 
User scheduling Flow	4435078510943648363-15	REQUEST		create_post	1442419090443	1442419090443	1442419090885	1442419090890	OK	 
User scheduling Flow	4435078510943648363-24	REQUEST		modify_post	1442419090477	1442419090477	1442419090928	1442419090928	OK	 
User scheduling Flow	4435078510943648363-12	REQUEST		create_post	1442419090528	1442419090529	1442419090962	1442419090962	OK	 
User scheduling Flow	4435078510943648363-18	REQUEST		create_post	1442419090593	1442419090594	1442419090971	1442419090971	OK	 
User scheduling Flow	4435078510943648363-16	REQUEST		modify_post	1442419090618	1442419090618	1442419091001	1442419091001	OK	 
User scheduling Flow	4435078510943648363-17	REQUEST		delete_post	1442419090626	1442419090626	1442419091013	1442419091013	OK	 
User scheduling Flow	4435078510943648363-14	REQUEST		modify_post	1442419090697	1442419090698	1442419091103	1442419091103	OK	 
User scheduling Flow	4435078510943648363-8	REQUEST		delete_post	1442419090241	1442419090241	1442419091126	1442419091126	OK	 
User scheduling Flow	4435078510943648363-8	USER	END	1442419082386	1442419091130
User scheduling Flow	4435078510943648363-7	REQUEST		delete_post	1442419090266	1442419090266	1442419091157	1442419091157	OK	 
User scheduling Flow	4435078510943648363-7	USER	END	1442419082283	1442419091158
User scheduling Flow	4435078510943648363-13	REQUEST		delete_post	1442419090753	1442419090753	1442419091184	1442419091184	OK	 
User scheduling Flow	4435078510943648363-20	REQUEST		delete_post	1442419090855	1442419090855	1442419091204	1442419091204	OK	 
User scheduling Flow	4435078510943648363-19	REQUEST		modify_post	1442419090927	1442419090928	1442419091245	1442419091245	OK	 
User scheduling Flow	4435078510943648363-24	REQUEST		delete_post	1442419090929	1442419090929	1442419091270	1442419091270	OK	 
User scheduling Flow	4435078510943648363-26	REQUEST		modify_post	1442419090956	1442419090957	1442419091304	1442419091304	OK	 
User scheduling Flow	4435078510943648363-11	REQUEST		modify_post	1442419090966	1442419090966	1442419091347	1442419091347	OK	 
User scheduling Flow	4435078510943648363-17	REQUEST		create_post	1442419091015	1442419091015	1442419091379	1442419091379	OK	 
User scheduling Flow	4435078510943648363-16	REQUEST		delete_post	1442419091003	1442419091003	1442419091388	1442419091388	OK	 
User scheduling Flow	4435078510943648363-14	REQUEST		delete_post	1442419091104	1442419091104	1442419091415	1442419091415	OK	 
Admin Flow	4435078510943648363-1	REQUEST		modify_user_roles	1442419091157	1442419091158	1442419091445	1442419091445	OK	 
User scheduling Flow	4435078510943648363-13	REQUEST		create_post	1442419091185	1442419091185	1442419091471	1442419091476	OK	 
User scheduling Flow	4435078510943648363-20	REQUEST		create_post	1442419091205	1442419091205	1442419091518	1442419091519	OK	 
User scheduling Flow	4435078510943648363-21	REQUEST		modify_post	1442419091207	1442419091207	1442419091563	1442419091563	OK	 
User scheduling Flow	4435078510943648363-22	REQUEST		modify_post	1442419091236	1442419091237	1442419091591	1442419091591	OK	 
User scheduling Flow	4435078510943648363-23	REQUEST		modify_post	1442419091217	1442419091217	1442419091612	1442419091612	OK	 
User scheduling Flow	4435078510943648363-19	REQUEST		delete_post	1442419091246	1442419091246	1442419091622	1442419091622	OK	 
User scheduling Flow	4435078510943648363-24	REQUEST		create_post	1442419091272	1442419091272	1442419091671	1442419091675	OK	 
User scheduling Flow	4435078510943648363-26	REQUEST		delete_post	1442419091305	1442419091305	1442419091685	1442419091685	OK	 
User scheduling Flow	4435078510943648363-11	REQUEST		delete_post	1442419091348	1442419091348	1442419091734	1442419091734	OK	 
User scheduling Flow	4435078510943648363-11	USER	END	1442419082687	1442419091734
User scheduling Flow	4435078510943648363-16	REQUEST		create_post	1442419091389	1442419091389	1442419091741	1442419091741	OK	 
User scheduling Flow	4435078510943648363-14	REQUEST		create_post	1442419091416	1442419091416	1442419091797	1442419091802	OK	 
Admin Flow	4435078510943648363-0	REQUEST		enable_user	1442419091437	1442419091437	1442419091822	1442419091822	OK	 
Admin Flow	4435078510943648363-0	USER	END	1442419082277	1442419091823
User Flow	4435078510943648363-4	REQUEST		add_feed	1442419090717	1442419090718	1442419091865	1442419091876	OK	 
User scheduling Flow	4435078510943648363-25	REQUEST		modify_post	1442419091467	1442419091468	1442419091904	1442419091904	OK	 
User Flow	4435078510943648363-6	REQUEST		list_feeds	1442419090562	1442419090562	1442419091754	1442419091924	OK	 
User scheduling Flow	4435078510943648363-21	REQUEST		delete_post	1442419091565	1442419091565	1442419091940	1442419091940	OK	 
User scheduling Flow	4435078510943648363-22	REQUEST		delete_post	1442419091593	1442419091593	1442419091963	1442419091963	OK	 
User scheduling Flow	4435078510943648363-19	REQUEST		create_post	1442419091623	1442419091624	1442419091986	1442419091986	OK	 
User scheduling Flow	4435078510943648363-26	REQUEST		create_post	1442419091686	1442419091686	1442419091990	1442419091995	OK	 
User scheduling Flow	4435078510943648363-23	REQUEST		delete_post	1442419091613	1442419091614	1442419092013	1442419092013	OK	 
User Flow	4435078510943648363-5	REQUEST		list_feeds	1442419090597	1442419090598	1442419091848	1442419092023	OK	 
User scheduling Flow	4435078510943648363-9	REQUEST		modify_post	1442419091556	1442419091556	1442419092032	1442419092032	OK	 
User scheduling Flow	4435078510943648363-10	REQUEST		modify_post	1442419091536	1442419091537	1442419092047	1442419092047	OK	 
User Flow	4435078510943648363-3	REQUEST		add_feed	1442419091197	1442419091197	1442419092105	1442419092116	OK	 
User Flow	4435078510943648363-2	REQUEST		add_feed	1442419090567	1442419090567	1442419092123	1442419092132	OK	 
User Flow	4435078510943648363-4	REQUEST		delete_feed	1442419091878	1442419091878	1442419092162	1442419092162	OK	 
User scheduling Flow	4435078510943648363-15	REQUEST		modify_post	1442419091887	1442419091888	1442419092169	1442419092169	OK	 
User scheduling Flow	4435078510943648363-25	REQUEST		delete_post	1442419091906	1442419091906	1442419092176	1442419092176	OK	 
User scheduling Flow	4435078510943648363-21	REQUEST		create_post	1442419091941	1442419091941	1442419092236	1442419092240	OK	 
User scheduling Flow	4435078510943648363-22	REQUEST		create_post	1442419091965	1442419091965	1442419092305	1442419092308	OK	 
User scheduling Flow	4435078510943648363-23	REQUEST		create_post	1442419092015	1442419092015	1442419092314	1442419092319	OK	 
User scheduling Flow	4435078510943648363-12	REQUEST		modify_post	1442419091957	1442419091957	1442419092325	1442419092325	OK	 
User scheduling Flow	4435078510943648363-18	REQUEST		modify_post	1442419091967	1442419091967	1442419092328	1442419092328	OK	 
User scheduling Flow	4435078510943648363-10	REQUEST		delete_post	1442419092049	1442419092049	1442419092445	1442419092445	OK	 
User scheduling Flow	4435078510943648363-10	USER	END	1442419082586	1442419092445
User Flow	4435078510943648363-3	REQUEST		delete_feed	1442419092118	1442419092118	1442419092463	1442419092463	OK	 
User scheduling Flow	4435078510943648363-9	REQUEST		delete_post	1442419092033	1442419092033	1442419092470	1442419092470	OK	 
User scheduling Flow	4435078510943648363-9	USER	END	1442419082487	1442419092470
User scheduling Flow	4435078510943648363-25	REQUEST		create_post	1442419092178	1442419092178	1442419092480	1442419092485	OK	 
User Flow	4435078510943648363-2	REQUEST		delete_feed	1442419092134	1442419092134	1442419092494	1442419092494	OK	 
User scheduling Flow	4435078510943648363-15	REQUEST		delete_post	1442419092171	1442419092171	1442419092505	1442419092505	OK	 
User scheduling Flow	4435078510943648363-15	USER	END	1442419083086	1442419092506
User scheduling Flow	4435078510943648363-12	REQUEST		delete_post	1442419092326	1442419092326	1442419092575	1442419092575	OK	 
User scheduling Flow	4435078510943648363-12	USER	END	1442419082788	1442419092576
User scheduling Flow	4435078510943648363-18	REQUEST		delete_post	1442419092330	1442419092330	1442419092598	1442419092598	OK	 
User scheduling Flow	4435078510943648363-18	USER	END	1442419083386	1442419092599
User scheduling Flow	4435078510943648363-17	REQUEST		modify_post	1442419092377	1442419092377	1442419092641	1442419092641	OK	 
Admin Flow	4435078510943648363-1	REQUEST		disable_user	1442419092447	1442419092447	1442419092706	1442419092706	OK	 
User scheduling Flow	4435078510943648363-13	REQUEST		modify_post	1442419092477	1442419092478	1442419092738	1442419092738	OK	 
User scheduling Flow	4435078510943648363-20	REQUEST		modify_post	1442419092527	1442419092527	1442419092783	1442419092783	OK	 
User scheduling Flow	4435078510943648363-17	REQUEST		delete_post	1442419092642	1442419092642	1442419092889	1442419092889	OK	 
User scheduling Flow	4435078510943648363-17	USER	END	1442419083286	1442419092890
User scheduling Flow	4435078510943648363-24	REQUEST		modify_post	1442419092687	1442419092687	1442419092958	1442419092958	OK	 
User scheduling Flow	4435078510943648363-20	REQUEST		delete_post	1442419092784	1442419092784	1442419093022	1442419093022	OK	 
User scheduling Flow	4435078510943648363-20	USER	END	1442419083587	1442419093022
User scheduling Flow	4435078510943648363-16	REQUEST		modify_post	1442419092738	1442419092738	1442419093048	1442419093048	OK	 
User scheduling Flow	4435078510943648363-13	REQUEST		delete_post	1442419092739	1442419092739	1442419093061	1442419093061	OK	 
User scheduling Flow	4435078510943648363-13	USER	END	1442419082886	1442419093062
User scheduling Flow	4435078510943648363-14	REQUEST		modify_post	1442419092796	1442419092797	1442419093094	1442419093094	OK	 
User scheduling Flow	4435078510943648363-24	REQUEST		delete_post	1442419092960	1442419092960	1442419093207	1442419093207	OK	 
User scheduling Flow	4435078510943648363-24	USER	END	1442419083986	1442419093207
User scheduling Flow	4435078510943648363-19	REQUEST		modify_post	1442419092987	1442419092987	1442419093249	1442419093249	OK	 
User scheduling Flow	4435078510943648363-26	REQUEST		modify_post	1442419092997	1442419092997	1442419093286	1442419093286	OK	 
User scheduling Flow	4435078510943648363-16	REQUEST		delete_post	1442419093049	1442419093049	1442419093301	1442419093301	OK	 
User scheduling Flow	4435078510943648363-16	USER	END	1442419083187	1442419093301
User scheduling Flow	4435078510943648363-14	REQUEST		delete_post	1442419093095	1442419093095	1442419093341	1442419093341	OK	 
User scheduling Flow	4435078510943648363-14	USER	END	1442419082986	1442419093341
User Flow	4435078510943648363-2	USER	END	1442419082282	1442419093487
User scheduling Flow	4435078510943648363-21	REQUEST		modify_post	1442419093237	1442419093237	1442419093497	1442419093497	OK	 
User scheduling Flow	4435078510943648363-19	REQUEST		delete_post	1442419093250	1442419093251	1442419093514	1442419093514	OK	 
User scheduling Flow	4435078510943648363-19	USER	END	1442419083486	1442419093515
User scheduling Flow	4435078510943648363-26	REQUEST		delete_post	1442419093287	1442419093287	1442419093549	1442419093549	OK	 
User scheduling Flow	4435078510943648363-26	USER	END	1442419084185	1442419093549
User scheduling Flow	4435078510943648363-22	REQUEST		modify_post	1442419093307	1442419093307	1442419093575	1442419093575	OK	 
User scheduling Flow	4435078510943648363-23	REQUEST		modify_post	1442419093316	1442419093317	1442419093613	1442419093613	OK	 
User Flow	4435078510943648363-5	REQUEST		add_feed	1442419093017	1442419093018	1442419093718	1442419093728	OK	 
User Flow	4435078510943648363-6	REQUEST		add_feed	1442419092916	1442419092916	1442419093753	1442419093754	OK	 
User scheduling Flow	4435078510943648363-25	REQUEST		modify_post	1442419093487	1442419093488	1442419093766	1442419093766	OK	 
User scheduling Flow	4435078510943648363-21	REQUEST		delete_post	1442419093498	1442419093498	1442419093792	1442419093792	OK	 
User scheduling Flow	4435078510943648363-21	USER	END	1442419083687	1442419093793
User scheduling Flow	4435078510943648363-22	REQUEST		delete_post	1442419093577	1442419093577	1442419093810	1442419093810	OK	 
User scheduling Flow	4435078510943648363-22	USER	END	1442419083786	1442419093810
User scheduling Flow	4435078510943648363-23	REQUEST		delete_post	1442419093615	1442419093615	1442419093856	1442419093856	OK	 
User scheduling Flow	4435078510943648363-23	USER	END	1442419083886	1442419093856
Admin Flow	4435078510943648363-1	REQUEST		enable_user	1442419093717	1442419093717	1442419094003	1442419094003	OK	 
Admin Flow	4435078510943648363-1	USER	END	1442419087297	1442419094005
User Flow	4435078510943648363-5	REQUEST		delete_feed	1442419093730	1442419093730	1442419094017	1442419094017	OK	 
User Flow	4435078510943648363-6	REQUEST		delete_feed	1442419093755	1442419093756	1442419094029	1442419094029	OK	 
User scheduling Flow	4435078510943648363-25	REQUEST		delete_post	1442419093768	1442419093768	1442419094033	1442419094033	OK	 
User scheduling Flow	4435078510943648363-25	USER	END	1442419084086	1442419094034
User Flow	4435078510943648363-4	REQUEST		add_feed	1442419093167	1442419093168	1442419094047	1442419094058	OK	 
User Flow	4435078510943648363-3	REQUEST		add_feed	1442419093457	1442419093457	1442419094302	1442419094312	OK	 
User Flow	4435078510943648363-4	REQUEST		delete_feed	1442419094060	1442419094061	1442419094318	1442419094318	OK	 
User Flow	4435078510943648363-3	REQUEST		delete_feed	1442419094316	1442419094318	1442419094552	1442419094552	OK	 
User Flow	4435078510943648363-4	USER	END	1442419084295	1442419095316
User Flow	4435078510943648363-3	USER	END	1442419083296	1442419095546
User Flow	4435078510943648363-5	REQUEST		add_feed	1442419095027	1442419095027	1442419095820	1442419095831	OK	 
User Flow	4435078510943648363-6	REQUEST		add_feed	1442419095037	1442419095037	1442419095836	1442419095847	OK	 
User Flow	4435078510943648363-5	REQUEST		delete_feed	1442419095834	1442419095834	1442419096076	1442419096076	OK	 
User Flow	4435078510943648363-6	REQUEST		delete_feed	1442419095849	1442419095849	1442419096112	1442419096112	OK	 
User Flow	4435078510943648363-5	USER	END	1442419085296	1442419097076
User Flow	4435078510943648363-6	USER	END	1442419086296	1442419097107
